This is pdfTeX, Version 3.1415926-2.4-1.40.13 (TeX Live 2012/Debian) (format=latex 2013.7.15)  30 AUG 2013 00:28
entering extended mode
 restricted \write18 enabled.
 %&-line parsing enabled.
**p1.tex
(./p1.tex
LaTeX2e <2011/06/27>
Babel <v3.8m> and hyphenation patterns for english, dumylang, nohyphenation, lo
aded.
(/usr/share/texlive/texmf-dist/tex/latex/base/article.cls
Document Class: article 2007/10/19 v1.4h Standard LaTeX document class
(/usr/share/texlive/texmf-dist/tex/latex/base/size11.clo
File: size11.clo 2007/10/19 v1.4h Standard LaTeX file (size option)
)
\c@part=\count79
\c@section=\count80
\c@subsection=\count81
\c@subsubsection=\count82
\c@paragraph=\count83
\c@subparagraph=\count84
\c@figure=\count85
\c@table=\count86
\abovecaptionskip=\skip41
\belowcaptionskip=\skip42
\bibindent=\dimen102
)
! Undefined control sequence.
<recently read> \egin 
                      
l.2 \egin
         {document}
? 

! LaTeX Error: Missing \begin{document}.

See the LaTeX manual or LaTeX Companion for explanation.
Type  H <return>  for immediate help.
 ...                                              
                                                  
l.2 \egin{d
           ocument}
? 
[1

]
! I can't find file `p1.aux'.
\enddocument ...keatletter \@@input \jobname .aux 
                                                  \fi \@dofilelist \ifdim \f...
l.4 \end{document}
                  
(Press Enter to retry, or Control-D to exit)
Please type another input file name: 
! I can't find file `p1.aux'.
\enddocument ...keatletter \@@input \jobname .aux 
                                                  \fi \@dofilelist \ifdim \f...
l.4 \end{document}
                  
(Press Enter to retry, or Control-D to exit)
Please type another input file name: 
! Emergency stop.
\enddocument ...keatletter \@@input \jobname .aux 
                                                  \fi \@dofilelist \ifdim \f...
l.4 \end{document}
                  
End of file on the terminal!

 
Here is how much of TeX's memory you used:
 198 strings out of 495060
 2092 string characters out of 3182053
 46048 words of memory out of 3000000
 3472 multiletter control sequences out of 15000+200000
 3940 words of font info for 15 fonts, out of 3000000 for 9000
 14 hyphenation exceptions out of 8191
 21i,4n,19p,148b,113s stack positions out of 5000i,500n,10000p,200000b,50000s
Output written on p1.dvi (1 page, 248 bytes).
