This file contains any messages produced by compilers while
running configure, to aid debugging if configure makes a mistake.

It was created by gnusim8085 configure 1.3.7, which was
generated by GNU Autoconf 2.65.  Invocation command line was

  $ ./configure 

## --------- ##
## Platform. ##
## --------- ##

hostname = apollo
uname -m = x86_64
uname -r = 3.13.0-36-generic
uname -s = Linux
uname -v = #63-Ubuntu SMP Wed Sep 3 21:30:07 UTC 2014

/usr/bin/uname -p = unknown
/bin/uname -X     = unknown

/bin/arch              = unknown
/usr/bin/arch -k       = unknown
/usr/convex/getsysinfo = unknown
/usr/bin/hostinfo      = unknown
/bin/machine           = unknown
/usr/bin/oslevel       = unknown
/bin/universe          = unknown

PATH: /home/aman/fp/sbt/bin
PATH: /home/aman/bin
PATH: /usr/local/sbin
PATH: /usr/local/bin
PATH: /usr/sbin
PATH: /usr/bin
PATH: /sbin
PATH: /bin
PATH: /usr/games
PATH: /usr/local/games


## ----------- ##
## Core tests. ##
## ----------- ##

configure:2223: checking build system type
configure:2237: result: x86_64-unknown-linux-gnu
configure:2257: checking host system type
configure:2270: result: x86_64-unknown-linux-gnu
configure:2306: checking for a BSD-compatible install
configure:2374: result: /usr/bin/install -c
configure:2385: checking whether build environment is sane
configure:2435: result: yes
configure:2576: checking for a thread-safe mkdir -p
configure:2615: result: /bin/mkdir -p
configure:2628: checking for gawk
configure:2644: found /usr/bin/gawk
configure:2655: result: gawk
configure:2666: checking whether make sets $(MAKE)
configure:2688: result: yes
configure:2798: checking for style of include used by make
configure:2826: result: GNU
configure:2896: checking for gcc
configure:2912: found /usr/bin/gcc
configure:2923: result: gcc
configure:3152: checking for C compiler version
configure:3161: gcc --version >&5
gcc (Ubuntu 4.8.2-19ubuntu1) 4.8.2
Copyright (C) 2013 Free Software Foundation, Inc.
This is free software; see the source for copying conditions.  There is NO
warranty; not even for MERCHANTABILITY or FITNESS FOR A PARTICULAR PURPOSE.

configure:3172: $? = 0
configure:3161: gcc -v >&5
Using built-in specs.
COLLECT_GCC=gcc
COLLECT_LTO_WRAPPER=/usr/lib/gcc/x86_64-linux-gnu/4.8/lto-wrapper
Target: x86_64-linux-gnu
Configured with: ../src/configure -v --with-pkgversion='Ubuntu 4.8.2-19ubuntu1' --with-bugurl=file:///usr/share/doc/gcc-4.8/README.Bugs --enable-languages=c,c++,java,go,d,fortran,objc,obj-c++ --prefix=/usr --program-suffix=-4.8 --enable-shared --enable-linker-build-id --libexecdir=/usr/lib --without-included-gettext --enable-threads=posix --with-gxx-include-dir=/usr/include/c++/4.8 --libdir=/usr/lib --enable-nls --with-sysroot=/ --enable-clocale=gnu --enable-libstdcxx-debug --enable-libstdcxx-time=yes --enable-gnu-unique-object --disable-libmudflap --enable-plugin --with-system-zlib --disable-browser-plugin --enable-java-awt=gtk --enable-gtk-cairo --with-java-home=/usr/lib/jvm/java-1.5.0-gcj-4.8-amd64/jre --enable-java-home --with-jvm-root-dir=/usr/lib/jvm/java-1.5.0-gcj-4.8-amd64 --with-jvm-jar-dir=/usr/lib/jvm-exports/java-1.5.0-gcj-4.8-amd64 --with-arch-directory=amd64 --with-ecj-jar=/usr/share/java/eclipse-ecj.jar --enable-objc-gc --enable-multiarch --disable-werror --with-arch-32=i686 --with-abi=m64 --with-multilib-list=m32,m64,mx32 --with-tune=generic --enable-checking=release --build=x86_64-linux-gnu --host=x86_64-linux-gnu --target=x86_64-linux-gnu
Thread model: posix
gcc version 4.8.2 (Ubuntu 4.8.2-19ubuntu1) 
configure:3172: $? = 0
configure:3161: gcc -V >&5
gcc: error: unrecognized command line option '-V'
gcc: fatal error: no input files
compilation terminated.
configure:3172: $? = 4
configure:3161: gcc -qversion >&5
gcc: error: unrecognized command line option '-qversion'
gcc: fatal error: no input files
compilation terminated.
configure:3172: $? = 4
configure:3192: checking whether the C compiler works
configure:3214: gcc    conftest.c  >&5
conftest.c:8:0: warning: "PACKAGE_URL" redefined [enabled by default]
 #define PACKAGE_URL "http://www.gnusim8085.org/"
 ^
conftest.c:7:0: note: this is the location of the previous definition
 #define PACKAGE_URL ""
 ^
configure:3218: $? = 0
configure:3267: result: yes
configure:3270: checking for C compiler default output file name
configure:3272: result: a.out
configure:3278: checking for suffix of executables
configure:3285: gcc -o conftest    conftest.c  >&5
conftest.c:8:0: warning: "PACKAGE_URL" redefined [enabled by default]
 #define PACKAGE_URL "http://www.gnusim8085.org/"
 ^
conftest.c:7:0: note: this is the location of the previous definition
 #define PACKAGE_URL ""
 ^
configure:3289: $? = 0
configure:3311: result: 
configure:3333: checking whether we are cross compiling
configure:3341: gcc -o conftest    conftest.c  >&5
conftest.c:8:0: warning: "PACKAGE_URL" redefined [enabled by default]
 #define PACKAGE_URL "http://www.gnusim8085.org/"
 ^
conftest.c:7:0: note: this is the location of the previous definition
 #define PACKAGE_URL ""
 ^
configure:3345: $? = 0
configure:3352: ./conftest
configure:3356: $? = 0
configure:3371: result: no
configure:3376: checking for suffix of object files
configure:3398: gcc -c   conftest.c >&5
conftest.c:8:0: warning: "PACKAGE_URL" redefined [enabled by default]
 #define PACKAGE_URL "http://www.gnusim8085.org/"
 ^
conftest.c:7:0: note: this is the location of the previous definition
 #define PACKAGE_URL ""
 ^
configure:3402: $? = 0
configure:3423: result: o
configure:3427: checking whether we are using the GNU C compiler
configure:3446: gcc -c   conftest.c >&5
conftest.c:8:0: warning: "PACKAGE_URL" redefined [enabled by default]
 #define PACKAGE_URL "http://www.gnusim8085.org/"
 ^
conftest.c:7:0: note: this is the location of the previous definition
 #define PACKAGE_URL ""
 ^
configure:3446: $? = 0
configure:3455: result: yes
configure:3464: checking whether gcc accepts -g
configure:3484: gcc -c -g  conftest.c >&5
conftest.c:8:0: warning: "PACKAGE_URL" redefined [enabled by default]
 #define PACKAGE_URL "http://www.gnusim8085.org/"
 ^
conftest.c:7:0: note: this is the location of the previous definition
 #define PACKAGE_URL ""
 ^
configure:3484: $? = 0
configure: failed program was:
| /* confdefs.h */
| #define PACKAGE_NAME "gnusim8085"
| #define PACKAGE_TARNAME "gnusim8085"
| #define PACKAGE_VERSION "1.3.7"
| #define PACKAGE_STRING "gnusim8085 1.3.7"
| #define PACKAGE_BUGREPORT "https://bugs.launchpad.net/gnusim8085"
| #define PACKAGE_URL ""
| #define PACKAGE_URL "http://www.gnusim8085.org/"
| #define PACKAGE "gnusim8085"
| #define VERSION "1.3.7"
| /* end confdefs.h.  */
| 
| int
| main ()
| {
| 
|   ;
|   return 0;
| }
configure:3499: gcc -c   conftest.c >&5
conftest.c:8:0: warning: "PACKAGE_URL" redefined [enabled by default]
 #define PACKAGE_URL "http://www.gnusim8085.org/"
 ^
conftest.c:7:0: note: this is the location of the previous definition
 #define PACKAGE_URL ""
 ^
configure:3499: $? = 0
configure: failed program was:
| /* confdefs.h */
| #define PACKAGE_NAME "gnusim8085"
| #define PACKAGE_TARNAME "gnusim8085"
| #define PACKAGE_VERSION "1.3.7"
| #define PACKAGE_STRING "gnusim8085 1.3.7"
| #define PACKAGE_BUGREPORT "https://bugs.launchpad.net/gnusim8085"
| #define PACKAGE_URL ""
| #define PACKAGE_URL "http://www.gnusim8085.org/"
| #define PACKAGE "gnusim8085"
| #define VERSION "1.3.7"
| /* end confdefs.h.  */
| 
| int
| main ()
| {
| 
|   ;
|   return 0;
| }
configure:3515: gcc -c -g  conftest.c >&5
conftest.c:8:0: warning: "PACKAGE_URL" redefined [enabled by default]
 #define PACKAGE_URL "http://www.gnusim8085.org/"
 ^
conftest.c:7:0: note: this is the location of the previous definition
 #define PACKAGE_URL ""
 ^
configure:3515: $? = 0
configure:3525: result: yes
configure:3542: checking for gcc option to accept ISO C89
configure:3606: gcc  -c -g -O2  conftest.c >&5
conftest.c:8:0: warning: "PACKAGE_URL" redefined [enabled by default]
 #define PACKAGE_URL "http://www.gnusim8085.org/"
 ^
conftest.c:7:0: note: this is the location of the previous definition
 #define PACKAGE_URL ""
 ^
configure:3606: $? = 0
configure:3619: result: none needed
configure:3641: checking dependency style of gcc
configure:3751: result: gcc3
configure:3767: checking for library containing strerror
configure:3798: gcc -o conftest -g -O2   conftest.c  >&5
conftest.c:8:0: warning: "PACKAGE_URL" redefined [enabled by default]
 #define PACKAGE_URL "http://www.gnusim8085.org/"
 ^
conftest.c:7:0: note: this is the location of the previous definition
 #define PACKAGE_URL ""
 ^
configure:3798: $? = 0
configure:3815: result: none required
configure:3873: checking for gcc
configure:3900: result: gcc
configure:4129: checking for C compiler version
configure:4138: gcc --version >&5
gcc (Ubuntu 4.8.2-19ubuntu1) 4.8.2
Copyright (C) 2013 Free Software Foundation, Inc.
This is free software; see the source for copying conditions.  There is NO
warranty; not even for MERCHANTABILITY or FITNESS FOR A PARTICULAR PURPOSE.

configure:4149: $? = 0
configure:4138: gcc -v >&5
Using built-in specs.
COLLECT_GCC=gcc
COLLECT_LTO_WRAPPER=/usr/lib/gcc/x86_64-linux-gnu/4.8/lto-wrapper
Target: x86_64-linux-gnu
Configured with: ../src/configure -v --with-pkgversion='Ubuntu 4.8.2-19ubuntu1' --with-bugurl=file:///usr/share/doc/gcc-4.8/README.Bugs --enable-languages=c,c++,java,go,d,fortran,objc,obj-c++ --prefix=/usr --program-suffix=-4.8 --enable-shared --enable-linker-build-id --libexecdir=/usr/lib --without-included-gettext --enable-threads=posix --with-gxx-include-dir=/usr/include/c++/4.8 --libdir=/usr/lib --enable-nls --with-sysroot=/ --enable-clocale=gnu --enable-libstdcxx-debug --enable-libstdcxx-time=yes --enable-gnu-unique-object --disable-libmudflap --enable-plugin --with-system-zlib --disable-browser-plugin --enable-java-awt=gtk --enable-gtk-cairo --with-java-home=/usr/lib/jvm/java-1.5.0-gcj-4.8-amd64/jre --enable-java-home --with-jvm-root-dir=/usr/lib/jvm/java-1.5.0-gcj-4.8-amd64 --with-jvm-jar-dir=/usr/lib/jvm-exports/java-1.5.0-gcj-4.8-amd64 --with-arch-directory=amd64 --with-ecj-jar=/usr/share/java/eclipse-ecj.jar --enable-objc-gc --enable-multiarch --disable-werror --with-arch-32=i686 --with-abi=m64 --with-multilib-list=m32,m64,mx32 --with-tune=generic --enable-checking=release --build=x86_64-linux-gnu --host=x86_64-linux-gnu --target=x86_64-linux-gnu
Thread model: posix
gcc version 4.8.2 (Ubuntu 4.8.2-19ubuntu1) 
configure:4149: $? = 0
configure:4138: gcc -V >&5
gcc: error: unrecognized command line option '-V'
gcc: fatal error: no input files
compilation terminated.
configure:4149: $? = 4
configure:4138: gcc -qversion >&5
gcc: error: unrecognized command line option '-qversion'
gcc: fatal error: no input files
compilation terminated.
configure:4149: $? = 4
configure:4153: checking whether we are using the GNU C compiler
configure:4181: result: yes
configure:4190: checking whether gcc accepts -g
configure:4251: result: yes
configure:4268: checking for gcc option to accept ISO C89
configure:4345: result: none needed
configure:4367: checking dependency style of gcc
configure:4477: result: gcc3
configure:4540: checking for gcc
configure:4567: result: gcc
configure:4796: checking for C compiler version
configure:4805: gcc --version >&5
gcc (Ubuntu 4.8.2-19ubuntu1) 4.8.2
Copyright (C) 2013 Free Software Foundation, Inc.
This is free software; see the source for copying conditions.  There is NO
warranty; not even for MERCHANTABILITY or FITNESS FOR A PARTICULAR PURPOSE.

configure:4816: $? = 0
configure:4805: gcc -v >&5
Using built-in specs.
COLLECT_GCC=gcc
COLLECT_LTO_WRAPPER=/usr/lib/gcc/x86_64-linux-gnu/4.8/lto-wrapper
Target: x86_64-linux-gnu
Configured with: ../src/configure -v --with-pkgversion='Ubuntu 4.8.2-19ubuntu1' --with-bugurl=file:///usr/share/doc/gcc-4.8/README.Bugs --enable-languages=c,c++,java,go,d,fortran,objc,obj-c++ --prefix=/usr --program-suffix=-4.8 --enable-shared --enable-linker-build-id --libexecdir=/usr/lib --without-included-gettext --enable-threads=posix --with-gxx-include-dir=/usr/include/c++/4.8 --libdir=/usr/lib --enable-nls --with-sysroot=/ --enable-clocale=gnu --enable-libstdcxx-debug --enable-libstdcxx-time=yes --enable-gnu-unique-object --disable-libmudflap --enable-plugin --with-system-zlib --disable-browser-plugin --enable-java-awt=gtk --enable-gtk-cairo --with-java-home=/usr/lib/jvm/java-1.5.0-gcj-4.8-amd64/jre --enable-java-home --with-jvm-root-dir=/usr/lib/jvm/java-1.5.0-gcj-4.8-amd64 --with-jvm-jar-dir=/usr/lib/jvm-exports/java-1.5.0-gcj-4.8-amd64 --with-arch-directory=amd64 --with-ecj-jar=/usr/share/java/eclipse-ecj.jar --enable-objc-gc --enable-multiarch --disable-werror --with-arch-32=i686 --with-abi=m64 --with-multilib-list=m32,m64,mx32 --with-tune=generic --enable-checking=release --build=x86_64-linux-gnu --host=x86_64-linux-gnu --target=x86_64-linux-gnu
Thread model: posix
gcc version 4.8.2 (Ubuntu 4.8.2-19ubuntu1) 
configure:4816: $? = 0
configure:4805: gcc -V >&5
gcc: error: unrecognized command line option '-V'
gcc: fatal error: no input files
compilation terminated.
configure:4816: $? = 4
configure:4805: gcc -qversion >&5
gcc: error: unrecognized command line option '-qversion'
gcc: fatal error: no input files
compilation terminated.
configure:4816: $? = 4
configure:4820: checking whether we are using the GNU C compiler
configure:4848: result: yes
configure:4857: checking whether gcc accepts -g
configure:4918: result: yes
configure:4935: checking for gcc option to accept ISO C89
configure:5012: result: none needed
configure:5034: checking dependency style of gcc
configure:5144: result: gcc3
configure:5163: checking whether gcc and cc understand -c and -o together
configure:5194: gcc -c conftest.c -o conftest2.o >&5
conftest.c:8:0: warning: "PACKAGE_URL" redefined [enabled by default]
 #define PACKAGE_URL "http://www.gnusim8085.org/"
 ^
conftest.c:7:0: note: this is the location of the previous definition
 #define PACKAGE_URL ""
 ^
configure:5198: $? = 0
configure:5204: gcc -c conftest.c -o conftest2.o >&5
conftest.c:8:0: warning: "PACKAGE_URL" redefined [enabled by default]
 #define PACKAGE_URL "http://www.gnusim8085.org/"
 ^
conftest.c:7:0: note: this is the location of the previous definition
 #define PACKAGE_URL ""
 ^
configure:5208: $? = 0
configure:5219: cc -c conftest.c >&5
conftest.c:8:0: warning: "PACKAGE_URL" redefined [enabled by default]
 #define PACKAGE_URL "http://www.gnusim8085.org/"
 ^
conftest.c:7:0: note: this is the location of the previous definition
 #define PACKAGE_URL ""
 ^
configure:5223: $? = 0
configure:5231: cc -c conftest.c -o conftest2.o >&5
conftest.c:8:0: warning: "PACKAGE_URL" redefined [enabled by default]
 #define PACKAGE_URL "http://www.gnusim8085.org/"
 ^
conftest.c:7:0: note: this is the location of the previous definition
 #define PACKAGE_URL ""
 ^
configure:5235: $? = 0
configure:5241: cc -c conftest.c -o conftest2.o >&5
conftest.c:8:0: warning: "PACKAGE_URL" redefined [enabled by default]
 #define PACKAGE_URL "http://www.gnusim8085.org/"
 ^
conftest.c:7:0: note: this is the location of the previous definition
 #define PACKAGE_URL ""
 ^
configure:5245: $? = 0
configure:5263: result: yes
configure:5293: checking how to run the C preprocessor
configure:5324: gcc -E  conftest.c
conftest.c:8:0: warning: "PACKAGE_URL" redefined [enabled by default]
 #define PACKAGE_URL "http://www.gnusim8085.org/"
 ^
conftest.c:7:0: note: this is the location of the previous definition
 #define PACKAGE_URL ""
 ^
configure:5324: $? = 0
configure:5338: gcc -E  conftest.c
conftest.c:8:0: warning: "PACKAGE_URL" redefined [enabled by default]
 #define PACKAGE_URL "http://www.gnusim8085.org/"
 ^
conftest.c:7:0: note: this is the location of the previous definition
 #define PACKAGE_URL ""
 ^
conftest.c:12:28: fatal error: ac_nonexistent.h: No such file or directory
 #include <ac_nonexistent.h>
                            ^
compilation terminated.
configure:5338: $? = 1
configure: failed program was:
| /* confdefs.h */
| #define PACKAGE_NAME "gnusim8085"
| #define PACKAGE_TARNAME "gnusim8085"
| #define PACKAGE_VERSION "1.3.7"
| #define PACKAGE_STRING "gnusim8085 1.3.7"
| #define PACKAGE_BUGREPORT "https://bugs.launchpad.net/gnusim8085"
| #define PACKAGE_URL ""
| #define PACKAGE_URL "http://www.gnusim8085.org/"
| #define PACKAGE "gnusim8085"
| #define VERSION "1.3.7"
| /* end confdefs.h.  */
| #include <ac_nonexistent.h>
configure:5363: result: gcc -E
configure:5383: gcc -E  conftest.c
conftest.c:8:0: warning: "PACKAGE_URL" redefined [enabled by default]
 #define PACKAGE_URL "http://www.gnusim8085.org/"
 ^
conftest.c:7:0: note: this is the location of the previous definition
 #define PACKAGE_URL ""
 ^
configure:5383: $? = 0
configure:5397: gcc -E  conftest.c
conftest.c:8:0: warning: "PACKAGE_URL" redefined [enabled by default]
 #define PACKAGE_URL "http://www.gnusim8085.org/"
 ^
conftest.c:7:0: note: this is the location of the previous definition
 #define PACKAGE_URL ""
 ^
conftest.c:12:28: fatal error: ac_nonexistent.h: No such file or directory
 #include <ac_nonexistent.h>
                            ^
compilation terminated.
configure:5397: $? = 1
configure: failed program was:
| /* confdefs.h */
| #define PACKAGE_NAME "gnusim8085"
| #define PACKAGE_TARNAME "gnusim8085"
| #define PACKAGE_VERSION "1.3.7"
| #define PACKAGE_STRING "gnusim8085 1.3.7"
| #define PACKAGE_BUGREPORT "https://bugs.launchpad.net/gnusim8085"
| #define PACKAGE_URL ""
| #define PACKAGE_URL "http://www.gnusim8085.org/"
| #define PACKAGE "gnusim8085"
| #define VERSION "1.3.7"
| /* end confdefs.h.  */
| #include <ac_nonexistent.h>
configure:5426: checking for grep that handles long lines and -e
configure:5484: result: /bin/grep
configure:5489: checking for egrep
configure:5551: result: /bin/grep -E
configure:5556: checking for ANSI C header files
configure:5576: gcc -c -g -O2  conftest.c >&5
conftest.c:8:0: warning: "PACKAGE_URL" redefined [enabled by default]
 #define PACKAGE_URL "http://www.gnusim8085.org/"
 ^
conftest.c:7:0: note: this is the location of the previous definition
 #define PACKAGE_URL ""
 ^
configure:5576: $? = 0
conftest.c:8:0: warning: "PACKAGE_URL" redefined [enabled by default]
 #define PACKAGE_URL "http://www.gnusim8085.org/"
 ^
conftest.c:7:0: note: this is the location of the previous definition
 #define PACKAGE_URL ""
 ^
conftest.c:8:0: warning: "PACKAGE_URL" redefined [enabled by default]
 #define PACKAGE_URL "http://www.gnusim8085.org/"
 ^
conftest.c:7:0: note: this is the location of the previous definition
 #define PACKAGE_URL ""
 ^
configure:5649: gcc -o conftest -g -O2   conftest.c  >&5
conftest.c:8:0: warning: "PACKAGE_URL" redefined [enabled by default]
 #define PACKAGE_URL "http://www.gnusim8085.org/"
 ^
conftest.c:7:0: note: this is the location of the previous definition
 #define PACKAGE_URL ""
 ^
configure:5649: $? = 0
configure:5649: ./conftest
configure:5649: $? = 0
configure:5660: result: yes
configure:5718: checking for pkg-config
configure:5736: found /usr/bin/pkg-config
configure:5748: result: /usr/bin/pkg-config
configure:5773: checking pkg-config is at least version 0.9.0
configure:5776: result: yes
configure:5792: checking for sys/types.h
configure:5792: gcc -c -g -O2  conftest.c >&5
conftest.c:8:0: warning: "PACKAGE_URL" redefined [enabled by default]
 #define PACKAGE_URL "http://www.gnusim8085.org/"
 ^
conftest.c:7:0: note: this is the location of the previous definition
 #define PACKAGE_URL ""
 ^
configure:5792: $? = 0
configure:5792: result: yes
configure:5792: checking for sys/stat.h
configure:5792: gcc -c -g -O2  conftest.c >&5
conftest.c:8:0: warning: "PACKAGE_URL" redefined [enabled by default]
 #define PACKAGE_URL "http://www.gnusim8085.org/"
 ^
conftest.c:7:0: note: this is the location of the previous definition
 #define PACKAGE_URL ""
 ^
configure:5792: $? = 0
configure:5792: result: yes
configure:5792: checking for stdlib.h
configure:5792: gcc -c -g -O2  conftest.c >&5
conftest.c:8:0: warning: "PACKAGE_URL" redefined [enabled by default]
 #define PACKAGE_URL "http://www.gnusim8085.org/"
 ^
conftest.c:7:0: note: this is the location of the previous definition
 #define PACKAGE_URL ""
 ^
configure:5792: $? = 0
configure:5792: result: yes
configure:5792: checking for string.h
configure:5792: gcc -c -g -O2  conftest.c >&5
conftest.c:8:0: warning: "PACKAGE_URL" redefined [enabled by default]
 #define PACKAGE_URL "http://www.gnusim8085.org/"
 ^
conftest.c:7:0: note: this is the location of the previous definition
 #define PACKAGE_URL ""
 ^
configure:5792: $? = 0
configure:5792: result: yes
configure:5792: checking for memory.h
configure:5792: gcc -c -g -O2  conftest.c >&5
conftest.c:8:0: warning: "PACKAGE_URL" redefined [enabled by default]
 #define PACKAGE_URL "http://www.gnusim8085.org/"
 ^
conftest.c:7:0: note: this is the location of the previous definition
 #define PACKAGE_URL ""
 ^
configure:5792: $? = 0
configure:5792: result: yes
configure:5792: checking for strings.h
configure:5792: gcc -c -g -O2  conftest.c >&5
conftest.c:8:0: warning: "PACKAGE_URL" redefined [enabled by default]
 #define PACKAGE_URL "http://www.gnusim8085.org/"
 ^
conftest.c:7:0: note: this is the location of the previous definition
 #define PACKAGE_URL ""
 ^
configure:5792: $? = 0
configure:5792: result: yes
configure:5792: checking for inttypes.h
configure:5792: gcc -c -g -O2  conftest.c >&5
conftest.c:8:0: warning: "PACKAGE_URL" redefined [enabled by default]
 #define PACKAGE_URL "http://www.gnusim8085.org/"
 ^
conftest.c:7:0: note: this is the location of the previous definition
 #define PACKAGE_URL ""
 ^
configure:5792: $? = 0
configure:5792: result: yes
configure:5792: checking for stdint.h
configure:5792: gcc -c -g -O2  conftest.c >&5
conftest.c:8:0: warning: "PACKAGE_URL" redefined [enabled by default]
 #define PACKAGE_URL "http://www.gnusim8085.org/"
 ^
conftest.c:7:0: note: this is the location of the previous definition
 #define PACKAGE_URL ""
 ^
configure:5792: $? = 0
configure:5792: result: yes
configure:5792: checking for unistd.h
configure:5792: gcc -c -g -O2  conftest.c >&5
conftest.c:8:0: warning: "PACKAGE_URL" redefined [enabled by default]
 #define PACKAGE_URL "http://www.gnusim8085.org/"
 ^
conftest.c:7:0: note: this is the location of the previous definition
 #define PACKAGE_URL ""
 ^
configure:5792: $? = 0
configure:5792: result: yes
configure:5808: checking libintl.h usability
configure:5808: gcc -c -g -O2  conftest.c >&5
conftest.c:8:0: warning: "PACKAGE_URL" redefined [enabled by default]
 #define PACKAGE_URL "http://www.gnusim8085.org/"
 ^
conftest.c:7:0: note: this is the location of the previous definition
 #define PACKAGE_URL ""
 ^
configure:5808: $? = 0
configure:5808: result: yes
configure:5808: checking libintl.h presence
configure:5808: gcc -E  conftest.c
conftest.c:8:0: warning: "PACKAGE_URL" redefined [enabled by default]
 #define PACKAGE_URL "http://www.gnusim8085.org/"
 ^
conftest.c:7:0: note: this is the location of the previous definition
 #define PACKAGE_URL ""
 ^
configure:5808: $? = 0
configure:5808: result: yes
configure:5808: checking for libintl.h
configure:5808: result: yes
configure:5808: checking for stdlib.h
configure:5808: result: yes
configure:5808: checking for string.h
configure:5808: result: yes
configure:5808: checking for unistd.h
configure:5808: result: yes
configure:5824: checking for memset
configure:5824: gcc -o conftest -g -O2   conftest.c  >&5
conftest.c:8:0: warning: "PACKAGE_URL" redefined [enabled by default]
 #define PACKAGE_URL "http://www.gnusim8085.org/"
 ^
conftest.c:7:0: note: this is the location of the previous definition
 #define PACKAGE_URL ""
 ^
conftest.c:49:6: warning: conflicting types for built-in function 'memset' [enabled by default]
 char memset ();
      ^
configure:5824: $? = 0
configure:5824: result: yes
configure:5824: checking for setlocale
configure:5824: gcc -o conftest -g -O2   conftest.c  >&5
conftest.c:8:0: warning: "PACKAGE_URL" redefined [enabled by default]
 #define PACKAGE_URL "http://www.gnusim8085.org/"
 ^
conftest.c:7:0: note: this is the location of the previous definition
 #define PACKAGE_URL ""
 ^
configure:5824: $? = 0
configure:5824: result: yes
configure:5824: checking for strtol
configure:5824: gcc -o conftest -g -O2   conftest.c  >&5
conftest.c:8:0: warning: "PACKAGE_URL" redefined [enabled by default]
 #define PACKAGE_URL "http://www.gnusim8085.org/"
 ^
conftest.c:7:0: note: this is the location of the previous definition
 #define PACKAGE_URL ""
 ^
configure:5824: $? = 0
configure:5824: result: yes
configure:5824: checking for strtoul
configure:5824: gcc -o conftest -g -O2   conftest.c  >&5
conftest.c:8:0: warning: "PACKAGE_URL" redefined [enabled by default]
 #define PACKAGE_URL "http://www.gnusim8085.org/"
 ^
conftest.c:7:0: note: this is the location of the previous definition
 #define PACKAGE_URL ""
 ^
configure:5824: $? = 0
configure:5824: result: yes
configure:5977: checking for GTK
configure:5985: $PKG_CONFIG --exists --print-errors "gtk+-2.0 >= $gtk_required"
Package gtk+-2.0 was not found in the pkg-config search path.
Perhaps you should add the directory containing `gtk+-2.0.pc'
to the PKG_CONFIG_PATH environment variable
No package 'gtk+-2.0' found
configure:5988: $? = 1
configure:6003: $PKG_CONFIG --exists --print-errors "gtk+-2.0 >= $gtk_required"
Package gtk+-2.0 was not found in the pkg-config search path.
Perhaps you should add the directory containing `gtk+-2.0.pc'
to the PKG_CONFIG_PATH environment variable
No package 'gtk+-2.0' found
configure:6006: $? = 1
No package 'gtk+-2.0' found
configure:6034: result: no
configure:6050: error: 
    Cannot find libgtk2.0 >= 2.12.0

        Please check the following:

         * Do you have the gtk+ development package installed?
           (usually called gtk2-devel for rpm based distros or
            libgtk2.0-dev for deb based distros or similar)
           If
               ls -l /usr/lib/pkgconfig/gtk+-2.0.pc
           reports that the file does not exist, then you are missing
           the development package.

    

## ---------------- ##
## Cache variables. ##
## ---------------- ##

ac_cv_build=x86_64-unknown-linux-gnu
ac_cv_c_compiler_gnu=yes
ac_cv_env_CC_set=
ac_cv_env_CC_value=
ac_cv_env_CFLAGS_set=
ac_cv_env_CFLAGS_value=
ac_cv_env_CPPFLAGS_set=
ac_cv_env_CPPFLAGS_value=
ac_cv_env_CPP_set=
ac_cv_env_CPP_value=
ac_cv_env_GIO_CFLAGS_set=
ac_cv_env_GIO_CFLAGS_value=
ac_cv_env_GIO_LIBS_set=
ac_cv_env_GIO_LIBS_value=
ac_cv_env_GTKSOURCEVIEW2_CFLAGS_set=
ac_cv_env_GTKSOURCEVIEW2_CFLAGS_value=
ac_cv_env_GTKSOURCEVIEW2_LIBS_set=
ac_cv_env_GTKSOURCEVIEW2_LIBS_value=
ac_cv_env_GTK_CFLAGS_set=
ac_cv_env_GTK_CFLAGS_value=
ac_cv_env_GTK_LIBS_set=
ac_cv_env_GTK_LIBS_value=
ac_cv_env_LDFLAGS_set=
ac_cv_env_LDFLAGS_value=
ac_cv_env_LIBS_set=
ac_cv_env_LIBS_value=
ac_cv_env_PKG_CONFIG_set=
ac_cv_env_PKG_CONFIG_value=
ac_cv_env_build_alias_set=
ac_cv_env_build_alias_value=
ac_cv_env_host_alias_set=
ac_cv_env_host_alias_value=
ac_cv_env_target_alias_set=
ac_cv_env_target_alias_value=
ac_cv_func_memset=yes
ac_cv_func_setlocale=yes
ac_cv_func_strtol=yes
ac_cv_func_strtoul=yes
ac_cv_header_inttypes_h=yes
ac_cv_header_libintl_h=yes
ac_cv_header_memory_h=yes
ac_cv_header_stdc=yes
ac_cv_header_stdint_h=yes
ac_cv_header_stdlib_h=yes
ac_cv_header_string_h=yes
ac_cv_header_strings_h=yes
ac_cv_header_sys_stat_h=yes
ac_cv_header_sys_types_h=yes
ac_cv_header_unistd_h=yes
ac_cv_host=x86_64-unknown-linux-gnu
ac_cv_objext=o
ac_cv_path_EGREP='/bin/grep -E'
ac_cv_path_GREP=/bin/grep
ac_cv_path_ac_pt_PKG_CONFIG=/usr/bin/pkg-config
ac_cv_path_install='/usr/bin/install -c'
ac_cv_path_mkdir=/bin/mkdir
ac_cv_prog_AWK=gawk
ac_cv_prog_CPP='gcc -E'
ac_cv_prog_ac_ct_CC=gcc
ac_cv_prog_cc_c89=
ac_cv_prog_cc_g=yes
ac_cv_prog_cc_gcc_c_o=yes
ac_cv_prog_make_make_set=yes
ac_cv_search_strerror='none required'
am_cv_CC_dependencies_compiler_type=gcc3
am_cv_prog_cc_stdc=

## ----------------- ##
## Output variables. ##
## ----------------- ##

ACLOCAL='${SHELL} /home/aman/entire-src/asm/gnusim8085-1.3.7/missing --run aclocal-1.11'
AMDEPBACKSLASH='\'
AMDEP_FALSE='#'
AMDEP_TRUE=''
AMTAR='${SHELL} /home/aman/entire-src/asm/gnusim8085-1.3.7/missing --run tar'
AM_BACKSLASH='\'
AM_DEFAULT_VERBOSITY='0'
AUTOCONF='${SHELL} /home/aman/entire-src/asm/gnusim8085-1.3.7/missing --run autoconf'
AUTOHEADER='${SHELL} /home/aman/entire-src/asm/gnusim8085-1.3.7/missing --run autoheader'
AUTOMAKE='${SHELL} /home/aman/entire-src/asm/gnusim8085-1.3.7/missing --run automake-1.11'
AWK='gawk'
CC='gcc'
CCDEPMODE='depmode=gcc3'
CFLAGS='-g -O2'
CPP='gcc -E'
CPPFLAGS=''
CYGPATH_W='echo'
DEFS=''
DEPDIR='.deps'
ECHO_C=''
ECHO_N='-n'
ECHO_T=''
EGREP='/bin/grep -E'
EXEEXT=''
GETTEXT_MACRO_VERSION=''
GIO_CFLAGS=''
GIO_LIBS=''
GMSGFMT=''
GMSGFMT_015=''
GREP='/bin/grep'
GTKSOURCEVIEW2_CFLAGS=''
GTKSOURCEVIEW2_LIBS=''
GTK_CFLAGS=''
GTK_LIBS=''
INSTALL_DATA='${INSTALL} -m 644'
INSTALL_PROGRAM='${INSTALL}'
INSTALL_SCRIPT='${INSTALL}'
INSTALL_STRIP_PROGRAM='$(install_sh) -c -s'
INTLLIBS=''
INTL_MACOSX_LIBS=''
LDFLAGS=''
LIBICONV=''
LIBINTL=''
LIBOBJS=''
LIBS=''
LTLIBICONV=''
LTLIBINTL=''
LTLIBOBJS=''
MAKEINFO='${SHELL} /home/aman/entire-src/asm/gnusim8085-1.3.7/missing --run makeinfo'
MKDIR_P='/bin/mkdir -p'
MSGFMT=''
MSGFMT_015=''
MSGMERGE=''
OBJEXT='o'
PACKAGE='gnusim8085'
PACKAGE_BUGREPORT='https://bugs.launchpad.net/gnusim8085'
PACKAGE_DATA_DIR=''
PACKAGE_HELP_DIR=''
PACKAGE_MENU_DIR=''
PACKAGE_NAME='gnusim8085'
PACKAGE_PIXMAPS_DIR=''
PACKAGE_STRING='gnusim8085 1.3.7'
PACKAGE_TARNAME='gnusim8085'
PACKAGE_URL=''
PACKAGE_VERSION='1.3.7'
PATH_SEPARATOR=':'
PKG_CONFIG='/usr/bin/pkg-config'
POSUB=''
SET_MAKE=''
SHELL='/bin/bash'
STRIP=''
USE_GIO_FALSE=''
USE_GIO_TRUE='#'
USE_NLS=''
VERSION='1.3.7'
WIN32_FALSE=''
WIN32_TRUE='#'
XGETTEXT=''
XGETTEXT_015=''
XGETTEXT_EXTRA_OPTIONS=''
ac_ct_CC='gcc'
am__EXEEXT_FALSE=''
am__EXEEXT_TRUE=''
am__fastdepCC_FALSE='#'
am__fastdepCC_TRUE=''
am__include='include'
am__isrc=''
am__leading_dot='.'
am__quote=''
am__tar='${AMTAR} chof - "$$tardir"'
am__untar='${AMTAR} xf -'
bindir='${exec_prefix}/bin'
build='x86_64-unknown-linux-gnu'
build_alias=''
build_cpu='x86_64'
build_os='linux-gnu'
build_vendor='unknown'
datadir='${datarootdir}'
datarootdir='${prefix}/share'
docdir='${datarootdir}/doc/${PACKAGE_TARNAME}'
dvidir='${docdir}'
exec_prefix='NONE'
host='x86_64-unknown-linux-gnu'
host_alias=''
host_cpu='x86_64'
host_os='linux-gnu'
host_vendor='unknown'
htmldir='${docdir}'
includedir='${prefix}/include'
infodir='${datarootdir}/info'
install_sh='${SHELL} /home/aman/entire-src/asm/gnusim8085-1.3.7/install-sh'
libdir='${exec_prefix}/lib'
libexecdir='${exec_prefix}/libexec'
localedir='${datarootdir}/locale'
localstatedir='${prefix}/var'
mandir='${datarootdir}/man'
mkdir_p='/bin/mkdir -p'
oldincludedir='/usr/include'
pdfdir='${docdir}'
prefix='NONE'
program_transform_name='s,x,x,'
psdir='${docdir}'
sbindir='${exec_prefix}/sbin'
sharedstatedir='${prefix}/com'
sysconfdir='${prefix}/etc'
target_alias=''

## ----------- ##
## confdefs.h. ##
## ----------- ##

/* confdefs.h */
#define PACKAGE_NAME "gnusim8085"
#define PACKAGE_TARNAME "gnusim8085"
#define PACKAGE_VERSION "1.3.7"
#define PACKAGE_STRING "gnusim8085 1.3.7"
#define PACKAGE_BUGREPORT "https://bugs.launchpad.net/gnusim8085"
#define PACKAGE_URL ""
#define PACKAGE_URL "http://www.gnusim8085.org/"
#define PACKAGE "gnusim8085"
#define VERSION "1.3.7"
#define STDC_HEADERS 1
#define HAVE_SYS_TYPES_H 1
#define HAVE_SYS_STAT_H 1
#define HAVE_STDLIB_H 1
#define HAVE_STRING_H 1
#define HAVE_MEMORY_H 1
#define HAVE_STRINGS_H 1
#define HAVE_INTTYPES_H 1
#define HAVE_STDINT_H 1
#define HAVE_UNISTD_H 1
#define HAVE_LIBINTL_H 1
#define HAVE_STDLIB_H 1
#define HAVE_STRING_H 1
#define HAVE_UNISTD_H 1
#define HAVE_MEMSET 1
#define HAVE_SETLOCALE 1
#define HAVE_STRTOL 1
#define HAVE_STRTOUL 1

configure: exit 1
